<?xml version="1.0" encoding="utf-8"?><testsuites><testsuite errors="0" failures="0" hostname="LAPTOP-DLN0LBHD" name="pytest" skipped="0" tests="3" time="28.264" timestamp="2020-08-31T14:54:19.043889"><testcase classname="test_a_home_page.TestHomePage" file="test_a_home_page.py" line="12" name="test_submission[get_data0]" time="10.193"></testcase><testcase classname="test_a_home_page.TestHomePage" file="test_a_home_page.py" line="12" name="test_submission[get_data1]" time="0.783"></testcase><testcase classname="test_e2e.TestOne" file="test_e2e.py" line="16" name="test_e2e" time="17.214"></testcase></testsuite></testsuites>